Determining if the include file intrin.h exists failed with the following output:
Change Dir: /home/juancho/GitHub/gnss-sdr/cmake/volk_gnsssdr_module/build/CMakeFiles/CMakeTmp

Run Build Command(s):/usr/bin/gmake -f Makefile cmTC_bae16/fast && gmake[3]: Entering directory '/home/juancho/GitHub/gnss-sdr/cmake/volk_gnsssdr_module/build/CMakeFiles/CMakeTmp'
/usr/bin/gmake  -f CMakeFiles/cmTC_bae16.dir/build.make CMakeFiles/cmTC_bae16.dir/build
gmake[4]: Entering directory '/home/juancho/GitHub/gnss-sdr/cmake/volk_gnsssdr_module/build/CMakeFiles/CMakeTmp'
Building C object CMakeFiles/cmTC_bae16.dir/CheckIncludeFile.c.o
/usr/bin/cc   -fcx-limited-range -Wall -Werror=incompatible-pointer-types -Werror=pointer-sign  -o CMakeFiles/cmTC_bae16.dir/CheckIncludeFile.c.o -c /home/juancho/GitHub/gnss-sdr/cmake/volk_gnsssdr_module/build/CMakeFiles/CMakeTmp/CheckIncludeFile.c
/home/juancho/GitHub/gnss-sdr/cmake/volk_gnsssdr_module/build/CMakeFiles/CMakeTmp/CheckIncludeFile.c:1:10: fatal error: intrin.h: No such file or directory
    1 | #include <intrin.h>
      |          ^~~~~~~~~~
compilation terminated.
gmake[4]: *** [CMakeFiles/cmTC_bae16.dir/build.make:78: CMakeFiles/cmTC_bae16.dir/CheckIncludeFile.c.o] Error 1
gmake[4]: Leaving directory '/home/juancho/GitHub/gnss-sdr/cmake/volk_gnsssdr_module/build/CMakeFiles/CMakeTmp'
gmake[3]: *** [Makefile:127: cmTC_bae16/fast] Error 2
gmake[3]: Leaving directory '/home/juancho/GitHub/gnss-sdr/cmake/volk_gnsssdr_module/build/CMakeFiles/CMakeTmp'



Performing C++ SOURCE FILE Test HAVE_WERROR_UNUSED_CMD_LINE_ARG failed with the following output:
Change Dir: /home/juancho/GitHub/gnss-sdr/cmake/volk_gnsssdr_module/build/CMakeFiles/CMakeTmp

Run Build Command(s):/usr/bin/gmake -f Makefile cmTC_0e107/fast && gmake[3]: Entering directory '/home/juancho/GitHub/gnss-sdr/cmake/volk_gnsssdr_module/build/CMakeFiles/CMakeTmp'
/usr/bin/gmake  -f CMakeFiles/cmTC_0e107.dir/build.make CMakeFiles/cmTC_0e107.dir/build
gmake[4]: Entering directory '/home/juancho/GitHub/gnss-sdr/cmake/volk_gnsssdr_module/build/CMakeFiles/CMakeTmp'
Building CXX object CMakeFiles/cmTC_0e107.dir/src.cxx.o
/usr/bin/c++ -DHAVE_WERROR_UNUSED_CMD_LINE_ARG  -fcx-limited-range  -Wall -Wextra -Wall    -Werror=unused-command-line-argument -std=c++20 -o CMakeFiles/cmTC_0e107.dir/src.cxx.o -c /home/juancho/GitHub/gnss-sdr/cmake/volk_gnsssdr_module/build/CMakeFiles/CMakeTmp/src.cxx
cc1plus: error: '-Werror=unused-command-line-argument': no option '-Wunused-command-line-argument'; did you mean '-Wunused-dummy-argument'?
gmake[4]: *** [CMakeFiles/cmTC_0e107.dir/build.make:78: CMakeFiles/cmTC_0e107.dir/src.cxx.o] Error 1
gmake[4]: Leaving directory '/home/juancho/GitHub/gnss-sdr/cmake/volk_gnsssdr_module/build/CMakeFiles/CMakeTmp'
gmake[3]: *** [Makefile:127: cmTC_0e107/fast] Error 2
gmake[3]: Leaving directory '/home/juancho/GitHub/gnss-sdr/cmake/volk_gnsssdr_module/build/CMakeFiles/CMakeTmp'


Source file was:
int main() { return 0; }
Performing C++ SOURCE FILE Test have_mfloat_abi_softfp failed with the following output:
Change Dir: /home/juancho/GitHub/gnss-sdr/cmake/volk_gnsssdr_module/build/CMakeFiles/CMakeTmp

Run Build Command(s):/usr/bin/gmake -f Makefile cmTC_899ec/fast && gmake[3]: Entering directory '/home/juancho/GitHub/gnss-sdr/cmake/volk_gnsssdr_module/build/CMakeFiles/CMakeTmp'
/usr/bin/gmake  -f CMakeFiles/cmTC_899ec.dir/build.make CMakeFiles/cmTC_899ec.dir/build
gmake[4]: Entering directory '/home/juancho/GitHub/gnss-sdr/cmake/volk_gnsssdr_module/build/CMakeFiles/CMakeTmp'
Building CXX object CMakeFiles/cmTC_899ec.dir/src.cxx.o
/usr/bin/c++ -Dhave_mfloat_abi_softfp  -fcx-limited-range  -Wall -Wextra -Wall    -mfloat-abi=softfp -std=c++20 -o CMakeFiles/cmTC_899ec.dir/src.cxx.o -c /home/juancho/GitHub/gnss-sdr/cmake/volk_gnsssdr_module/build/CMakeFiles/CMakeTmp/src.cxx
c++: error: unrecognized command-line option '-mfloat-abi=softfp'
gmake[4]: *** [CMakeFiles/cmTC_899ec.dir/build.make:78: CMakeFiles/cmTC_899ec.dir/src.cxx.o] Error 1
gmake[4]: Leaving directory '/home/juancho/GitHub/gnss-sdr/cmake/volk_gnsssdr_module/build/CMakeFiles/CMakeTmp'
gmake[3]: *** [Makefile:127: cmTC_899ec/fast] Error 2
gmake[3]: Leaving directory '/home/juancho/GitHub/gnss-sdr/cmake/volk_gnsssdr_module/build/CMakeFiles/CMakeTmp'


Source file was:
int main() { return 0; }
Performing C++ SOURCE FILE Test have_mfloat_abi_hard failed with the following output:
Change Dir: /home/juancho/GitHub/gnss-sdr/cmake/volk_gnsssdr_module/build/CMakeFiles/CMakeTmp

Run Build Command(s):/usr/bin/gmake -f Makefile cmTC_0dbe4/fast && gmake[3]: Entering directory '/home/juancho/GitHub/gnss-sdr/cmake/volk_gnsssdr_module/build/CMakeFiles/CMakeTmp'
/usr/bin/gmake  -f CMakeFiles/cmTC_0dbe4.dir/build.make CMakeFiles/cmTC_0dbe4.dir/build
gmake[4]: Entering directory '/home/juancho/GitHub/gnss-sdr/cmake/volk_gnsssdr_module/build/CMakeFiles/CMakeTmp'
Building CXX object CMakeFiles/cmTC_0dbe4.dir/src.cxx.o
/usr/bin/c++ -Dhave_mfloat_abi_hard  -fcx-limited-range  -Wall -Wextra -Wall    -mfloat-abi=hard -std=c++20 -o CMakeFiles/cmTC_0dbe4.dir/src.cxx.o -c /home/juancho/GitHub/gnss-sdr/cmake/volk_gnsssdr_module/build/CMakeFiles/CMakeTmp/src.cxx
c++: error: unrecognized command-line option '-mfloat-abi=hard'
gmake[4]: *** [CMakeFiles/cmTC_0dbe4.dir/build.make:78: CMakeFiles/cmTC_0dbe4.dir/src.cxx.o] Error 1
gmake[4]: Leaving directory '/home/juancho/GitHub/gnss-sdr/cmake/volk_gnsssdr_module/build/CMakeFiles/CMakeTmp'
gmake[3]: *** [Makefile:127: cmTC_0dbe4/fast] Error 2
gmake[3]: Leaving directory '/home/juancho/GitHub/gnss-sdr/cmake/volk_gnsssdr_module/build/CMakeFiles/CMakeTmp'


Source file was:
int main() { return 0; }
Performing C++ SOURCE FILE Test have_mfpu_neon failed with the following output:
Change Dir: /home/juancho/GitHub/gnss-sdr/cmake/volk_gnsssdr_module/build/CMakeFiles/CMakeTmp

Run Build Command(s):/usr/bin/gmake -f Makefile cmTC_41a0f/fast && gmake[3]: Entering directory '/home/juancho/GitHub/gnss-sdr/cmake/volk_gnsssdr_module/build/CMakeFiles/CMakeTmp'
/usr/bin/gmake  -f CMakeFiles/cmTC_41a0f.dir/build.make CMakeFiles/cmTC_41a0f.dir/build
gmake[4]: Entering directory '/home/juancho/GitHub/gnss-sdr/cmake/volk_gnsssdr_module/build/CMakeFiles/CMakeTmp'
Building CXX object CMakeFiles/cmTC_41a0f.dir/src.cxx.o
/usr/bin/c++ -Dhave_mfpu_neon  -fcx-limited-range  -Wall -Wextra -Wall    -mfpu=neon -std=c++20 -o CMakeFiles/cmTC_41a0f.dir/src.cxx.o -c /home/juancho/GitHub/gnss-sdr/cmake/volk_gnsssdr_module/build/CMakeFiles/CMakeTmp/src.cxx
c++: error: unrecognized command-line option '-mfpu=neon'
gmake[4]: *** [CMakeFiles/cmTC_41a0f.dir/build.make:78: CMakeFiles/cmTC_41a0f.dir/src.cxx.o] Error 1
gmake[4]: Leaving directory '/home/juancho/GitHub/gnss-sdr/cmake/volk_gnsssdr_module/build/CMakeFiles/CMakeTmp'
gmake[3]: *** [Makefile:127: cmTC_41a0f/fast] Error 2
gmake[3]: Leaving directory '/home/juancho/GitHub/gnss-sdr/cmake/volk_gnsssdr_module/build/CMakeFiles/CMakeTmp'


Source file was:
int main() { return 0; }
Performing C++ SOURCE FILE Test have_m32 failed with the following output:
Change Dir: /home/juancho/GitHub/gnss-sdr/cmake/volk_gnsssdr_module/build/CMakeFiles/CMakeTmp

Run Build Command(s):/usr/bin/gmake -f Makefile cmTC_6d9ec/fast && gmake[3]: Entering directory '/home/juancho/GitHub/gnss-sdr/cmake/volk_gnsssdr_module/build/CMakeFiles/CMakeTmp'
/usr/bin/gmake  -f CMakeFiles/cmTC_6d9ec.dir/build.make CMakeFiles/cmTC_6d9ec.dir/build
gmake[4]: Entering directory '/home/juancho/GitHub/gnss-sdr/cmake/volk_gnsssdr_module/build/CMakeFiles/CMakeTmp'
Building CXX object CMakeFiles/cmTC_6d9ec.dir/src.cxx.o
/usr/bin/c++ -Dhave_m32  -fcx-limited-range  -Wall -Wextra -Wall    -m32 -std=c++20 -o CMakeFiles/cmTC_6d9ec.dir/src.cxx.o -c /home/juancho/GitHub/gnss-sdr/cmake/volk_gnsssdr_module/build/CMakeFiles/CMakeTmp/src.cxx
Linking CXX executable cmTC_6d9ec
/usr/bin/cmake -E cmake_link_script CMakeFiles/cmTC_6d9ec.dir/link.txt --verbose=1
/usr/bin/c++  -fcx-limited-range  -Wall -Wextra -Wall  CMakeFiles/cmTC_6d9ec.dir/src.cxx.o -o cmTC_6d9ec 
/usr/bin/ld: i386 architecture of input file `CMakeFiles/cmTC_6d9ec.dir/src.cxx.o' is incompatible with i386:x86-64 output
collect2: error: ld returned 1 exit status
gmake[4]: *** [CMakeFiles/cmTC_6d9ec.dir/build.make:99: cmTC_6d9ec] Error 1
gmake[4]: Leaving directory '/home/juancho/GitHub/gnss-sdr/cmake/volk_gnsssdr_module/build/CMakeFiles/CMakeTmp'
gmake[3]: *** [Makefile:127: cmTC_6d9ec/fast] Error 2
gmake[3]: Leaving directory '/home/juancho/GitHub/gnss-sdr/cmake/volk_gnsssdr_module/build/CMakeFiles/CMakeTmp'


Source file was:
int main() { return 0; }
Performing C SOURCE FILE Test neon_compile_result failed with the following output:
Change Dir: /home/juancho/GitHub/gnss-sdr/cmake/volk_gnsssdr_module/build/CMakeFiles/CMakeTmp

Run Build Command(s):/usr/bin/gmake -f Makefile cmTC_e3788/fast && gmake[3]: Entering directory '/home/juancho/GitHub/gnss-sdr/cmake/volk_gnsssdr_module/build/CMakeFiles/CMakeTmp'
/usr/bin/gmake  -f CMakeFiles/cmTC_e3788.dir/build.make CMakeFiles/cmTC_e3788.dir/build
gmake[4]: Entering directory '/home/juancho/GitHub/gnss-sdr/cmake/volk_gnsssdr_module/build/CMakeFiles/CMakeTmp'
Building C object CMakeFiles/cmTC_e3788.dir/src.c.o
/usr/bin/cc -Dneon_compile_result  -fcx-limited-range -Wall -Werror=incompatible-pointer-types -Werror=pointer-sign  -o CMakeFiles/cmTC_e3788.dir/src.c.o -c /home/juancho/GitHub/gnss-sdr/cmake/volk_gnsssdr_module/build/CMakeFiles/CMakeTmp/src.c
/home/juancho/GitHub/gnss-sdr/cmake/volk_gnsssdr_module/build/CMakeFiles/CMakeTmp/src.c:1:10: fatal error: arm_neon.h: No such file or directory
    1 | #include <arm_neon.h>
      |          ^~~~~~~~~~~~
compilation terminated.
gmake[4]: *** [CMakeFiles/cmTC_e3788.dir/build.make:78: CMakeFiles/cmTC_e3788.dir/src.c.o] Error 1
gmake[4]: Leaving directory '/home/juancho/GitHub/gnss-sdr/cmake/volk_gnsssdr_module/build/CMakeFiles/CMakeTmp'
gmake[3]: *** [Makefile:127: cmTC_e3788/fast] Error 2
gmake[3]: Leaving directory '/home/juancho/GitHub/gnss-sdr/cmake/volk_gnsssdr_module/build/CMakeFiles/CMakeTmp'


Source file was:
#include <arm_neon.h>
int main(){ uint8_t *dest; uint8x8_t res; vst1_u8(dest, res); }
