The system is: Linux - 3.11.0-15-generic - x86_64
Compiling the CXX compiler identification source file "CMakeCXXCompilerId.cpp" succeeded.
Compiler: /usr/bin/c++ 
Build flags: 
Id flags: 

The output was:
0


Compilation of the CXX compiler identification source "CMakeCXXCompilerId.cpp" produced "a.out"

The CXX compiler identification is GNU, found in "/home/usuario/sdr/gnss-sdr/gnss-sdr/drivers/gr-dbfcttc/build/CMakeFiles/2.8.11.2/CompilerIdCXX/a.out"

Compiling the C compiler identification source file "CMakeCCompilerId.c" succeeded.
Compiler: /usr/bin/cc 
Build flags: 
Id flags: 

The output was:
0


Compilation of the C compiler identification source "CMakeCCompilerId.c" produced "a.out"

The C compiler identification is GNU, found in "/home/usuario/sdr/gnss-sdr/gnss-sdr/drivers/gr-dbfcttc/build/CMakeFiles/2.8.11.2/CompilerIdC/a.out"

Determining if the CXX compiler works passed with the following output:
Change Dir: /home/usuario/sdr/gnss-sdr/gnss-sdr/drivers/gr-dbfcttc/build/CMakeFiles/CMakeTmp

Run Build Command:/usr/bin/make "cmTryCompileExec1209392343/fast"
/usr/bin/make -f CMakeFiles/cmTryCompileExec1209392343.dir/build.make CMakeFiles/cmTryCompileExec1209392343.dir/build
make[1]: Entering directory `/home/usuario/sdr/gnss-sdr/gnss-sdr/drivers/gr-dbfcttc/build/CMakeFiles/CMakeTmp'
/usr/bin/cmake -E cmake_progress_report /home/usuario/sdr/gnss-sdr/gnss-sdr/drivers/gr-dbfcttc/build/CMakeFiles/CMakeTmp/CMakeFiles 1
Building CXX object CMakeFiles/cmTryCompileExec1209392343.dir/testCXXCompiler.cxx.o
/usr/bin/c++     -o CMakeFiles/cmTryCompileExec1209392343.dir/testCXXCompiler.cxx.o -c /home/usuario/sdr/gnss-sdr/gnss-sdr/drivers/gr-dbfcttc/build/CMakeFiles/CMakeTmp/testCXXCompiler.cxx
Linking CXX executable cmTryCompileExec1209392343
/usr/bin/cmake -E cmake_link_script CMakeFiles/cmTryCompileExec1209392343.dir/link.txt --verbose=1
/usr/bin/c++          CMakeFiles/cmTryCompileExec1209392343.dir/testCXXCompiler.cxx.o  -o cmTryCompileExec1209392343 -rdynamic 
make[1]: Leaving directory `/home/usuario/sdr/gnss-sdr/gnss-sdr/drivers/gr-dbfcttc/build/CMakeFiles/CMakeTmp'


Detecting CXX compiler ABI info compiled with the following output:
Change Dir: /home/usuario/sdr/gnss-sdr/gnss-sdr/drivers/gr-dbfcttc/build/CMakeFiles/CMakeTmp

Run Build Command:/usr/bin/make "cmTryCompileExec3824456070/fast"
/usr/bin/make -f CMakeFiles/cmTryCompileExec3824456070.dir/build.make CMakeFiles/cmTryCompileExec3824456070.dir/build
make[1]: Entering directory `/home/usuario/sdr/gnss-sdr/gnss-sdr/drivers/gr-dbfcttc/build/CMakeFiles/CMakeTmp'
/usr/bin/cmake -E cmake_progress_report /home/usuario/sdr/gnss-sdr/gnss-sdr/drivers/gr-dbfcttc/build/CMakeFiles/CMakeTmp/CMakeFiles 1
Building CXX object CMakeFiles/cmTryCompileExec3824456070.dir/CMakeCXXCompilerABI.cpp.o
/usr/bin/c++     -o CMakeFiles/cmTryCompileExec3824456070.dir/CMakeCXXCompilerABI.cpp.o -c /usr/share/cmake-2.8/Modules/CMakeCXXCompilerABI.cpp
Linking CXX executable cmTryCompileExec3824456070
/usr/bin/cmake -E cmake_link_script CMakeFiles/cmTryCompileExec3824456070.dir/link.txt --verbose=1
/usr/bin/c++        -v CMakeFiles/cmTryCompileExec3824456070.dir/CMakeCXXCompilerABI.cpp.o  -o cmTryCompileExec3824456070 -rdynamic  
Using built-in specs.
COLLECT_GCC=/usr/bin/c++
COLLECT_LTO_WRAPPER=/usr/lib/gcc/x86_64-linux-gnu/4.8/lto-wrapper
Target: x86_64-linux-gnu
Configured with: ../src/configure -v --with-pkgversion='Ubuntu/Linaro 4.8.1-10ubuntu9' --with-bugurl=file:///usr/share/doc/gcc-4.8/README.Bugs --enable-languages=c,c++,java,go,d,fortran,objc,obj-c++ --prefix=/usr --program-suffix=-4.8 --enable-shared --enable-linker-build-id --libexecdir=/usr/lib --without-included-gettext --enable-threads=posix --with-gxx-include-dir=/usr/include/c++/4.8 --libdir=/usr/lib --enable-nls --with-sysroot=/ --enable-clocale=gnu --enable-libstdcxx-debug --enable-libstdcxx-time=yes --enable-gnu-unique-object --enable-plugin --with-system-zlib --disable-browser-plugin --enable-java-awt=gtk --enable-gtk-cairo --with-java-home=/usr/lib/jvm/java-1.5.0-gcj-4.8-amd64/jre --enable-java-home --with-jvm-root-dir=/usr/lib/jvm/java-1.5.0-gcj-4.8-amd64 --with-jvm-jar-dir=/usr/lib/jvm-exports/java-1.5.0-gcj-4.8-amd64 --with-arch-directory=amd64 --with-ecj-jar=/usr/share/java/eclipse-ecj.jar --enable-objc-gc --enable-multiarch --disable-werror --with-arch-32=i686 --with-abi=m64 --with-multilib-list=m32,m64,mx32 --with-tune=generic --enable-checking=release --build=x86_64-linux-gnu --host=x86_64-linux-gnu --target=x86_64-linux-gnu
Thread model: posix
gcc version 4.8.1 (Ubuntu/Linaro 4.8.1-10ubuntu9) 
COMPILER_PATH=/usr/lib/gcc/x86_64-linux-gnu/4.8/:/usr/lib/gcc/x86_64-linux-gnu/4.8/:/usr/lib/gcc/x86_64-linux-gnu/:/usr/lib/gcc/x86_64-linux-gnu/4.8/:/usr/lib/gcc/x86_64-linux-gnu/
LIBRARY_PATH=/usr/lib/gcc/x86_64-linux-gnu/4.8/:/usr/lib/gcc/x86_64-linux-gnu/4.8/../../../x86_64-linux-gnu/:/usr/lib/gcc/x86_64-linux-gnu/4.8/../../../../lib/:/lib/x86_64-linux-gnu/:/lib/../lib/:/usr/lib/x86_64-linux-gnu/:/usr/lib/../lib/:/usr/lib/gcc/x86_64-linux-gnu/4.8/../../../:/lib/:/usr/lib/
COLLECT_GCC_OPTIONS='-v' '-o' 'cmTryCompileExec3824456070' '-rdynamic' '-shared-libgcc' '-mtune=generic' '-march=x86-64'
 /usr/lib/gcc/x86_64-linux-gnu/4.8/collect2 --sysroot=/ --build-id --eh-frame-hdr -m elf_x86_64 --hash-style=gnu --as-needed -export-dynamic -dynamic-linker /lib64/ld-linux-x86-64.so.2 -z relro -o cmTryCompileExec3824456070 /usr/lib/gcc/x86_64-linux-gnu/4.8/../../../x86_64-linux-gnu/crt1.o /usr/lib/gcc/x86_64-linux-gnu/4.8/../../../x86_64-linux-gnu/crti.o /usr/lib/gcc/x86_64-linux-gnu/4.8/crtbegin.o -L/usr/lib/gcc/x86_64-linux-gnu/4.8 -L/usr/lib/gcc/x86_64-linux-gnu/4.8/../../../x86_64-linux-gnu -L/usr/lib/gcc/x86_64-linux-gnu/4.8/../../../../lib -L/lib/x86_64-linux-gnu -L/lib/../lib -L/usr/lib/x86_64-linux-gnu -L/usr/lib/../lib -L/usr/lib/gcc/x86_64-linux-gnu/4.8/../../.. CMakeFiles/cmTryCompileExec3824456070.dir/CMakeCXXCompilerABI.cpp.o -lstdc++ -lm -lgcc_s -lgcc -lc -lgcc_s -lgcc /usr/lib/gcc/x86_64-linux-gnu/4.8/crtend.o /usr/lib/gcc/x86_64-linux-gnu/4.8/../../../x86_64-linux-gnu/crtn.o
make[1]: Leaving directory `/home/usuario/sdr/gnss-sdr/gnss-sdr/drivers/gr-dbfcttc/build/CMakeFiles/CMakeTmp'


Parsed CXX implicit link information from above output:
  link line regex: [^( *|.*[/\])(ld|ld|collect2)[^/\]*( |$)]
  ignore line: [Change Dir: /home/usuario/sdr/gnss-sdr/gnss-sdr/drivers/gr-dbfcttc/build/CMakeFiles/CMakeTmp]
  ignore line: []
  ignore line: [Run Build Command:/usr/bin/make "cmTryCompileExec3824456070/fast"]
  ignore line: [/usr/bin/make -f CMakeFiles/cmTryCompileExec3824456070.dir/build.make CMakeFiles/cmTryCompileExec3824456070.dir/build]
  ignore line: [make[1]: Entering directory `/home/usuario/sdr/gnss-sdr/gnss-sdr/drivers/gr-dbfcttc/build/CMakeFiles/CMakeTmp']
  ignore line: [/usr/bin/cmake -E cmake_progress_report /home/usuario/sdr/gnss-sdr/gnss-sdr/drivers/gr-dbfcttc/build/CMakeFiles/CMakeTmp/CMakeFiles 1]
  ignore line: [Building CXX object CMakeFiles/cmTryCompileExec3824456070.dir/CMakeCXXCompilerABI.cpp.o]
  ignore line: [/usr/bin/c++     -o CMakeFiles/cmTryCompileExec3824456070.dir/CMakeCXXCompilerABI.cpp.o -c /usr/share/cmake-2.8/Modules/CMakeCXXCompilerABI.cpp]
  ignore line: [Linking CXX executable cmTryCompileExec3824456070]
  ignore line: [/usr/bin/cmake -E cmake_link_script CMakeFiles/cmTryCompileExec3824456070.dir/link.txt --verbose=1]
  ignore line: [/usr/bin/c++        -v CMakeFiles/cmTryCompileExec3824456070.dir/CMakeCXXCompilerABI.cpp.o  -o cmTryCompileExec3824456070 -rdynamic  ]
  ignore line: [Using built-in specs.]
  ignore line: [COLLECT_GCC=/usr/bin/c++]
  ignore line: [COLLECT_LTO_WRAPPER=/usr/lib/gcc/x86_64-linux-gnu/4.8/lto-wrapper]
  ignore line: [Target: x86_64-linux-gnu]
  ignore line: [Configured with: ../src/configure -v --with-pkgversion='Ubuntu/Linaro 4.8.1-10ubuntu9' --with-bugurl=file:///usr/share/doc/gcc-4.8/README.Bugs --enable-languages=c,c++,java,go,d,fortran,objc,obj-c++ --prefix=/usr --program-suffix=-4.8 --enable-shared --enable-linker-build-id --libexecdir=/usr/lib --without-included-gettext --enable-threads=posix --with-gxx-include-dir=/usr/include/c++/4.8 --libdir=/usr/lib --enable-nls --with-sysroot=/ --enable-clocale=gnu --enable-libstdcxx-debug --enable-libstdcxx-time=yes --enable-gnu-unique-object --enable-plugin --with-system-zlib --disable-browser-plugin --enable-java-awt=gtk --enable-gtk-cairo --with-java-home=/usr/lib/jvm/java-1.5.0-gcj-4.8-amd64/jre --enable-java-home --with-jvm-root-dir=/usr/lib/jvm/java-1.5.0-gcj-4.8-amd64 --with-jvm-jar-dir=/usr/lib/jvm-exports/java-1.5.0-gcj-4.8-amd64 --with-arch-directory=amd64 --with-ecj-jar=/usr/share/java/eclipse-ecj.jar --enable-objc-gc --enable-multiarch --disable-werror --with-arch-32=i686 --with-abi=m64 --with-multilib-list=m32,m64,mx32 --with-tune=generic --enable-checking=release --build=x86_64-linux-gnu --host=x86_64-linux-gnu --target=x86_64-linux-gnu]
  ignore line: [Thread model: posix]
  ignore line: [gcc version 4.8.1 (Ubuntu/Linaro 4.8.1-10ubuntu9) ]
  ignore line: [COMPILER_PATH=/usr/lib/gcc/x86_64-linux-gnu/4.8/:/usr/lib/gcc/x86_64-linux-gnu/4.8/:/usr/lib/gcc/x86_64-linux-gnu/:/usr/lib/gcc/x86_64-linux-gnu/4.8/:/usr/lib/gcc/x86_64-linux-gnu/]
  ignore line: [LIBRARY_PATH=/usr/lib/gcc/x86_64-linux-gnu/4.8/:/usr/lib/gcc/x86_64-linux-gnu/4.8/../../../x86_64-linux-gnu/:/usr/lib/gcc/x86_64-linux-gnu/4.8/../../../../lib/:/lib/x86_64-linux-gnu/:/lib/../lib/:/usr/lib/x86_64-linux-gnu/:/usr/lib/../lib/:/usr/lib/gcc/x86_64-linux-gnu/4.8/../../../:/lib/:/usr/lib/]
  ignore line: [COLLECT_GCC_OPTIONS='-v' '-o' 'cmTryCompileExec3824456070' '-rdynamic' '-shared-libgcc' '-mtune=generic' '-march=x86-64']
  link line: [ /usr/lib/gcc/x86_64-linux-gnu/4.8/collect2 --sysroot=/ --build-id --eh-frame-hdr -m elf_x86_64 --hash-style=gnu --as-needed -export-dynamic -dynamic-linker /lib64/ld-linux-x86-64.so.2 -z relro -o cmTryCompileExec3824456070 /usr/lib/gcc/x86_64-linux-gnu/4.8/../../../x86_64-linux-gnu/crt1.o /usr/lib/gcc/x86_64-linux-gnu/4.8/../../../x86_64-linux-gnu/crti.o /usr/lib/gcc/x86_64-linux-gnu/4.8/crtbegin.o -L/usr/lib/gcc/x86_64-linux-gnu/4.8 -L/usr/lib/gcc/x86_64-linux-gnu/4.8/../../../x86_64-linux-gnu -L/usr/lib/gcc/x86_64-linux-gnu/4.8/../../../../lib -L/lib/x86_64-linux-gnu -L/lib/../lib -L/usr/lib/x86_64-linux-gnu -L/usr/lib/../lib -L/usr/lib/gcc/x86_64-linux-gnu/4.8/../../.. CMakeFiles/cmTryCompileExec3824456070.dir/CMakeCXXCompilerABI.cpp.o -lstdc++ -lm -lgcc_s -lgcc -lc -lgcc_s -lgcc /usr/lib/gcc/x86_64-linux-gnu/4.8/crtend.o /usr/lib/gcc/x86_64-linux-gnu/4.8/../../../x86_64-linux-gnu/crtn.o]
    arg [/usr/lib/gcc/x86_64-linux-gnu/4.8/collect2] ==> ignore
    arg [--sysroot=/] ==> ignore
    arg [--build-id] ==> ignore
    arg [--eh-frame-hdr] ==> ignore
    arg [-m] ==> ignore
    arg [elf_x86_64] ==> ignore
    arg [--hash-style=gnu] ==> ignore
    arg [--as-needed] ==> ignore
    arg [-export-dynamic] ==> ignore
    arg [-dynamic-linker] ==> ignore
    arg [/lib64/ld-linux-x86-64.so.2] ==> ignore
    arg [-zrelro] ==> ignore
    arg [-o] ==> ignore
    arg [cmTryCompileExec3824456070] ==> ignore
    arg [/usr/lib/gcc/x86_64-linux-gnu/4.8/../../../x86_64-linux-gnu/crt1.o] ==> ignore
    arg [/usr/lib/gcc/x86_64-linux-gnu/4.8/../../../x86_64-linux-gnu/crti.o] ==> ignore
    arg [/usr/lib/gcc/x86_64-linux-gnu/4.8/crtbegin.o] ==> ignore
    arg [-L/usr/lib/gcc/x86_64-linux-gnu/4.8] ==> dir [/usr/lib/gcc/x86_64-linux-gnu/4.8]
    arg [-L/usr/lib/gcc/x86_64-linux-gnu/4.8/../../../x86_64-linux-gnu] ==> dir [/usr/lib/gcc/x86_64-linux-gnu/4.8/../../../x86_64-linux-gnu]
    arg [-L/usr/lib/gcc/x86_64-linux-gnu/4.8/../../../../lib] ==> dir [/usr/lib/gcc/x86_64-linux-gnu/4.8/../../../../lib]
    arg [-L/lib/x86_64-linux-gnu] ==> dir [/lib/x86_64-linux-gnu]
    arg [-L/lib/../lib] ==> dir [/lib/../lib]
    arg [-L/usr/lib/x86_64-linux-gnu] ==> dir [/usr/lib/x86_64-linux-gnu]
    arg [-L/usr/lib/../lib] ==> dir [/usr/lib/../lib]
    arg [-L/usr/lib/gcc/x86_64-linux-gnu/4.8/../../..] ==> dir [/usr/lib/gcc/x86_64-linux-gnu/4.8/../../..]
    arg [CMakeFiles/cmTryCompileExec3824456070.dir/CMakeCXXCompilerABI.cpp.o] ==> ignore
    arg [-lstdc++] ==> lib [stdc++]
    arg [-lm] ==> lib [m]
    arg [-lgcc_s] ==> lib [gcc_s]
    arg [-lgcc] ==> lib [gcc]
    arg [-lc] ==> lib [c]
    arg [-lgcc_s] ==> lib [gcc_s]
    arg [-lgcc] ==> lib [gcc]
    arg [/usr/lib/gcc/x86_64-linux-gnu/4.8/crtend.o] ==> ignore
    arg [/usr/lib/gcc/x86_64-linux-gnu/4.8/../../../x86_64-linux-gnu/crtn.o] ==> ignore
  remove lib [gcc_s]
  remove lib [gcc]
  remove lib [gcc_s]
  remove lib [gcc]
  collapse library dir [/usr/lib/gcc/x86_64-linux-gnu/4.8] ==> [/usr/lib/gcc/x86_64-linux-gnu/4.8]
  collapse library dir [/usr/lib/gcc/x86_64-linux-gnu/4.8/../../../x86_64-linux-gnu] ==> [/usr/lib/x86_64-linux-gnu]
  collapse library dir [/usr/lib/gcc/x86_64-linux-gnu/4.8/../../../../lib] ==> [/usr/lib]
  collapse library dir [/lib/x86_64-linux-gnu] ==> [/lib/x86_64-linux-gnu]
  collapse library dir [/lib/../lib] ==> [/lib]
  collapse library dir [/usr/lib/x86_64-linux-gnu] ==> [/usr/lib/x86_64-linux-gnu]
  collapse library dir [/usr/lib/../lib] ==> [/usr/lib]
  collapse library dir [/usr/lib/gcc/x86_64-linux-gnu/4.8/../../..] ==> [/usr/lib]
  implicit libs: [stdc++;m;c]
  implicit dirs: [/usr/lib/gcc/x86_64-linux-gnu/4.8;/usr/lib/x86_64-linux-gnu;/usr/lib;/lib/x86_64-linux-gnu;/lib]
  implicit fwks: []


Determining if the C compiler works passed with the following output:
Change Dir: /home/usuario/sdr/gnss-sdr/gnss-sdr/drivers/gr-dbfcttc/build/CMakeFiles/CMakeTmp

Run Build Command:/usr/bin/make "cmTryCompileExec3987558188/fast"
/usr/bin/make -f CMakeFiles/cmTryCompileExec3987558188.dir/build.make CMakeFiles/cmTryCompileExec3987558188.dir/build
make[1]: Entering directory `/home/usuario/sdr/gnss-sdr/gnss-sdr/drivers/gr-dbfcttc/build/CMakeFiles/CMakeTmp'
/usr/bin/cmake -E cmake_progress_report /home/usuario/sdr/gnss-sdr/gnss-sdr/drivers/gr-dbfcttc/build/CMakeFiles/CMakeTmp/CMakeFiles 1
Building C object CMakeFiles/cmTryCompileExec3987558188.dir/testCCompiler.c.o
/usr/bin/cc    -o CMakeFiles/cmTryCompileExec3987558188.dir/testCCompiler.c.o   -c /home/usuario/sdr/gnss-sdr/gnss-sdr/drivers/gr-dbfcttc/build/CMakeFiles/CMakeTmp/testCCompiler.c
Linking C executable cmTryCompileExec3987558188
/usr/bin/cmake -E cmake_link_script CMakeFiles/cmTryCompileExec3987558188.dir/link.txt --verbose=1
/usr/bin/cc         CMakeFiles/cmTryCompileExec3987558188.dir/testCCompiler.c.o  -o cmTryCompileExec3987558188 -rdynamic 
make[1]: Leaving directory `/home/usuario/sdr/gnss-sdr/gnss-sdr/drivers/gr-dbfcttc/build/CMakeFiles/CMakeTmp'


Detecting C compiler ABI info compiled with the following output:
Change Dir: /home/usuario/sdr/gnss-sdr/gnss-sdr/drivers/gr-dbfcttc/build/CMakeFiles/CMakeTmp

Run Build Command:/usr/bin/make "cmTryCompileExec3217668321/fast"
/usr/bin/make -f CMakeFiles/cmTryCompileExec3217668321.dir/build.make CMakeFiles/cmTryCompileExec3217668321.dir/build
make[1]: Entering directory `/home/usuario/sdr/gnss-sdr/gnss-sdr/drivers/gr-dbfcttc/build/CMakeFiles/CMakeTmp'
/usr/bin/cmake -E cmake_progress_report /home/usuario/sdr/gnss-sdr/gnss-sdr/drivers/gr-dbfcttc/build/CMakeFiles/CMakeTmp/CMakeFiles 1
Building C object CMakeFiles/cmTryCompileExec3217668321.dir/CMakeCCompilerABI.c.o
/usr/bin/cc    -o CMakeFiles/cmTryCompileExec3217668321.dir/CMakeCCompilerABI.c.o   -c /usr/share/cmake-2.8/Modules/CMakeCCompilerABI.c
Linking C executable cmTryCompileExec3217668321
/usr/bin/cmake -E cmake_link_script CMakeFiles/cmTryCompileExec3217668321.dir/link.txt --verbose=1
/usr/bin/cc       -v CMakeFiles/cmTryCompileExec3217668321.dir/CMakeCCompilerABI.c.o  -o cmTryCompileExec3217668321 -rdynamic  
Using built-in specs.
COLLECT_GCC=/usr/bin/cc
COLLECT_LTO_WRAPPER=/usr/lib/gcc/x86_64-linux-gnu/4.8/lto-wrapper
Target: x86_64-linux-gnu
Configured with: ../src/configure -v --with-pkgversion='Ubuntu/Linaro 4.8.1-10ubuntu9' --with-bugurl=file:///usr/share/doc/gcc-4.8/README.Bugs --enable-languages=c,c++,java,go,d,fortran,objc,obj-c++ --prefix=/usr --program-suffix=-4.8 --enable-shared --enable-linker-build-id --libexecdir=/usr/lib --without-included-gettext --enable-threads=posix --with-gxx-include-dir=/usr/include/c++/4.8 --libdir=/usr/lib --enable-nls --with-sysroot=/ --enable-clocale=gnu --enable-libstdcxx-debug --enable-libstdcxx-time=yes --enable-gnu-unique-object --enable-plugin --with-system-zlib --disable-browser-plugin --enable-java-awt=gtk --enable-gtk-cairo --with-java-home=/usr/lib/jvm/java-1.5.0-gcj-4.8-amd64/jre --enable-java-home --with-jvm-root-dir=/usr/lib/jvm/java-1.5.0-gcj-4.8-amd64 --with-jvm-jar-dir=/usr/lib/jvm-exports/java-1.5.0-gcj-4.8-amd64 --with-arch-directory=amd64 --with-ecj-jar=/usr/share/java/eclipse-ecj.jar --enable-objc-gc --enable-multiarch --disable-werror --with-arch-32=i686 --with-abi=m64 --with-multilib-list=m32,m64,mx32 --with-tune=generic --enable-checking=release --build=x86_64-linux-gnu --host=x86_64-linux-gnu --target=x86_64-linux-gnu
Thread model: posix
gcc version 4.8.1 (Ubuntu/Linaro 4.8.1-10ubuntu9) 
COMPILER_PATH=/usr/lib/gcc/x86_64-linux-gnu/4.8/:/usr/lib/gcc/x86_64-linux-gnu/4.8/:/usr/lib/gcc/x86_64-linux-gnu/:/usr/lib/gcc/x86_64-linux-gnu/4.8/:/usr/lib/gcc/x86_64-linux-gnu/
LIBRARY_PATH=/usr/lib/gcc/x86_64-linux-gnu/4.8/:/usr/lib/gcc/x86_64-linux-gnu/4.8/../../../x86_64-linux-gnu/:/usr/lib/gcc/x86_64-linux-gnu/4.8/../../../../lib/:/lib/x86_64-linux-gnu/:/lib/../lib/:/usr/lib/x86_64-linux-gnu/:/usr/lib/../lib/:/usr/lib/gcc/x86_64-linux-gnu/4.8/../../../:/lib/:/usr/lib/
COLLECT_GCC_OPTIONS='-v' '-o' 'cmTryCompileExec3217668321' '-rdynamic' '-mtune=generic' '-march=x86-64'
 /usr/lib/gcc/x86_64-linux-gnu/4.8/collect2 --sysroot=/ --build-id --eh-frame-hdr -m elf_x86_64 --hash-style=gnu --as-needed -export-dynamic -dynamic-linker /lib64/ld-linux-x86-64.so.2 -z relro -o cmTryCompileExec3217668321 /usr/lib/gcc/x86_64-linux-gnu/4.8/../../../x86_64-linux-gnu/crt1.o /usr/lib/gcc/x86_64-linux-gnu/4.8/../../../x86_64-linux-gnu/crti.o /usr/lib/gcc/x86_64-linux-gnu/4.8/crtbegin.o -L/usr/lib/gcc/x86_64-linux-gnu/4.8 -L/usr/lib/gcc/x86_64-linux-gnu/4.8/../../../x86_64-linux-gnu -L/usr/lib/gcc/x86_64-linux-gnu/4.8/../../../../lib -L/lib/x86_64-linux-gnu -L/lib/../lib -L/usr/lib/x86_64-linux-gnu -L/usr/lib/../lib -L/usr/lib/gcc/x86_64-linux-gnu/4.8/../../.. CMakeFiles/cmTryCompileExec3217668321.dir/CMakeCCompilerABI.c.o -lgcc --as-needed -lgcc_s --no-as-needed -lc -lgcc --as-needed -lgcc_s --no-as-needed /usr/lib/gcc/x86_64-linux-gnu/4.8/crtend.o /usr/lib/gcc/x86_64-linux-gnu/4.8/../../../x86_64-linux-gnu/crtn.o
make[1]: Leaving directory `/home/usuario/sdr/gnss-sdr/gnss-sdr/drivers/gr-dbfcttc/build/CMakeFiles/CMakeTmp'


Parsed C implicit link information from above output:
  link line regex: [^( *|.*[/\])(ld|ld|collect2)[^/\]*( |$)]
  ignore line: [Change Dir: /home/usuario/sdr/gnss-sdr/gnss-sdr/drivers/gr-dbfcttc/build/CMakeFiles/CMakeTmp]
  ignore line: []
  ignore line: [Run Build Command:/usr/bin/make "cmTryCompileExec3217668321/fast"]
  ignore line: [/usr/bin/make -f CMakeFiles/cmTryCompileExec3217668321.dir/build.make CMakeFiles/cmTryCompileExec3217668321.dir/build]
  ignore line: [make[1]: Entering directory `/home/usuario/sdr/gnss-sdr/gnss-sdr/drivers/gr-dbfcttc/build/CMakeFiles/CMakeTmp']
  ignore line: [/usr/bin/cmake -E cmake_progress_report /home/usuario/sdr/gnss-sdr/gnss-sdr/drivers/gr-dbfcttc/build/CMakeFiles/CMakeTmp/CMakeFiles 1]
  ignore line: [Building C object CMakeFiles/cmTryCompileExec3217668321.dir/CMakeCCompilerABI.c.o]
  ignore line: [/usr/bin/cc    -o CMakeFiles/cmTryCompileExec3217668321.dir/CMakeCCompilerABI.c.o   -c /usr/share/cmake-2.8/Modules/CMakeCCompilerABI.c]
  ignore line: [Linking C executable cmTryCompileExec3217668321]
  ignore line: [/usr/bin/cmake -E cmake_link_script CMakeFiles/cmTryCompileExec3217668321.dir/link.txt --verbose=1]
  ignore line: [/usr/bin/cc       -v CMakeFiles/cmTryCompileExec3217668321.dir/CMakeCCompilerABI.c.o  -o cmTryCompileExec3217668321 -rdynamic  ]
  ignore line: [Using built-in specs.]
  ignore line: [COLLECT_GCC=/usr/bin/cc]
  ignore line: [COLLECT_LTO_WRAPPER=/usr/lib/gcc/x86_64-linux-gnu/4.8/lto-wrapper]
  ignore line: [Target: x86_64-linux-gnu]
  ignore line: [Configured with: ../src/configure -v --with-pkgversion='Ubuntu/Linaro 4.8.1-10ubuntu9' --with-bugurl=file:///usr/share/doc/gcc-4.8/README.Bugs --enable-languages=c,c++,java,go,d,fortran,objc,obj-c++ --prefix=/usr --program-suffix=-4.8 --enable-shared --enable-linker-build-id --libexecdir=/usr/lib --without-included-gettext --enable-threads=posix --with-gxx-include-dir=/usr/include/c++/4.8 --libdir=/usr/lib --enable-nls --with-sysroot=/ --enable-clocale=gnu --enable-libstdcxx-debug --enable-libstdcxx-time=yes --enable-gnu-unique-object --enable-plugin --with-system-zlib --disable-browser-plugin --enable-java-awt=gtk --enable-gtk-cairo --with-java-home=/usr/lib/jvm/java-1.5.0-gcj-4.8-amd64/jre --enable-java-home --with-jvm-root-dir=/usr/lib/jvm/java-1.5.0-gcj-4.8-amd64 --with-jvm-jar-dir=/usr/lib/jvm-exports/java-1.5.0-gcj-4.8-amd64 --with-arch-directory=amd64 --with-ecj-jar=/usr/share/java/eclipse-ecj.jar --enable-objc-gc --enable-multiarch --disable-werror --with-arch-32=i686 --with-abi=m64 --with-multilib-list=m32,m64,mx32 --with-tune=generic --enable-checking=release --build=x86_64-linux-gnu --host=x86_64-linux-gnu --target=x86_64-linux-gnu]
  ignore line: [Thread model: posix]
  ignore line: [gcc version 4.8.1 (Ubuntu/Linaro 4.8.1-10ubuntu9) ]
  ignore line: [COMPILER_PATH=/usr/lib/gcc/x86_64-linux-gnu/4.8/:/usr/lib/gcc/x86_64-linux-gnu/4.8/:/usr/lib/gcc/x86_64-linux-gnu/:/usr/lib/gcc/x86_64-linux-gnu/4.8/:/usr/lib/gcc/x86_64-linux-gnu/]
  ignore line: [LIBRARY_PATH=/usr/lib/gcc/x86_64-linux-gnu/4.8/:/usr/lib/gcc/x86_64-linux-gnu/4.8/../../../x86_64-linux-gnu/:/usr/lib/gcc/x86_64-linux-gnu/4.8/../../../../lib/:/lib/x86_64-linux-gnu/:/lib/../lib/:/usr/lib/x86_64-linux-gnu/:/usr/lib/../lib/:/usr/lib/gcc/x86_64-linux-gnu/4.8/../../../:/lib/:/usr/lib/]
  ignore line: [COLLECT_GCC_OPTIONS='-v' '-o' 'cmTryCompileExec3217668321' '-rdynamic' '-mtune=generic' '-march=x86-64']
  link line: [ /usr/lib/gcc/x86_64-linux-gnu/4.8/collect2 --sysroot=/ --build-id --eh-frame-hdr -m elf_x86_64 --hash-style=gnu --as-needed -export-dynamic -dynamic-linker /lib64/ld-linux-x86-64.so.2 -z relro -o cmTryCompileExec3217668321 /usr/lib/gcc/x86_64-linux-gnu/4.8/../../../x86_64-linux-gnu/crt1.o /usr/lib/gcc/x86_64-linux-gnu/4.8/../../../x86_64-linux-gnu/crti.o /usr/lib/gcc/x86_64-linux-gnu/4.8/crtbegin.o -L/usr/lib/gcc/x86_64-linux-gnu/4.8 -L/usr/lib/gcc/x86_64-linux-gnu/4.8/../../../x86_64-linux-gnu -L/usr/lib/gcc/x86_64-linux-gnu/4.8/../../../../lib -L/lib/x86_64-linux-gnu -L/lib/../lib -L/usr/lib/x86_64-linux-gnu -L/usr/lib/../lib -L/usr/lib/gcc/x86_64-linux-gnu/4.8/../../.. CMakeFiles/cmTryCompileExec3217668321.dir/CMakeCCompilerABI.c.o -lgcc --as-needed -lgcc_s --no-as-needed -lc -lgcc --as-needed -lgcc_s --no-as-needed /usr/lib/gcc/x86_64-linux-gnu/4.8/crtend.o /usr/lib/gcc/x86_64-linux-gnu/4.8/../../../x86_64-linux-gnu/crtn.o]
    arg [/usr/lib/gcc/x86_64-linux-gnu/4.8/collect2] ==> ignore
    arg [--sysroot=/] ==> ignore
    arg [--build-id] ==> ignore
    arg [--eh-frame-hdr] ==> ignore
    arg [-m] ==> ignore
    arg [elf_x86_64] ==> ignore
    arg [--hash-style=gnu] ==> ignore
    arg [--as-needed] ==> ignore
    arg [-export-dynamic] ==> ignore
    arg [-dynamic-linker] ==> ignore
    arg [/lib64/ld-linux-x86-64.so.2] ==> ignore
    arg [-zrelro] ==> ignore
    arg [-o] ==> ignore
    arg [cmTryCompileExec3217668321] ==> ignore
    arg [/usr/lib/gcc/x86_64-linux-gnu/4.8/../../../x86_64-linux-gnu/crt1.o] ==> ignore
    arg [/usr/lib/gcc/x86_64-linux-gnu/4.8/../../../x86_64-linux-gnu/crti.o] ==> ignore
    arg [/usr/lib/gcc/x86_64-linux-gnu/4.8/crtbegin.o] ==> ignore
    arg [-L/usr/lib/gcc/x86_64-linux-gnu/4.8] ==> dir [/usr/lib/gcc/x86_64-linux-gnu/4.8]
    arg [-L/usr/lib/gcc/x86_64-linux-gnu/4.8/../../../x86_64-linux-gnu] ==> dir [/usr/lib/gcc/x86_64-linux-gnu/4.8/../../../x86_64-linux-gnu]
    arg [-L/usr/lib/gcc/x86_64-linux-gnu/4.8/../../../../lib] ==> dir [/usr/lib/gcc/x86_64-linux-gnu/4.8/../../../../lib]
    arg [-L/lib/x86_64-linux-gnu] ==> dir [/lib/x86_64-linux-gnu]
    arg [-L/lib/../lib] ==> dir [/lib/../lib]
    arg [-L/usr/lib/x86_64-linux-gnu] ==> dir [/usr/lib/x86_64-linux-gnu]
    arg [-L/usr/lib/../lib] ==> dir [/usr/lib/../lib]
    arg [-L/usr/lib/gcc/x86_64-linux-gnu/4.8/../../..] ==> dir [/usr/lib/gcc/x86_64-linux-gnu/4.8/../../..]
    arg [CMakeFiles/cmTryCompileExec3217668321.dir/CMakeCCompilerABI.c.o] ==> ignore
    arg [-lgcc] ==> lib [gcc]
    arg [--as-needed] ==> ignore
    arg [-lgcc_s] ==> lib [gcc_s]
    arg [--no-as-needed] ==> ignore
    arg [-lc] ==> lib [c]
    arg [-lgcc] ==> lib [gcc]
    arg [--as-needed] ==> ignore
    arg [-lgcc_s] ==> lib [gcc_s]
    arg [--no-as-needed] ==> ignore
    arg [/usr/lib/gcc/x86_64-linux-gnu/4.8/crtend.o] ==> ignore
    arg [/usr/lib/gcc/x86_64-linux-gnu/4.8/../../../x86_64-linux-gnu/crtn.o] ==> ignore
  remove lib [gcc]
  remove lib [gcc_s]
  remove lib [gcc]
  remove lib [gcc_s]
  collapse library dir [/usr/lib/gcc/x86_64-linux-gnu/4.8] ==> [/usr/lib/gcc/x86_64-linux-gnu/4.8]
  collapse library dir [/usr/lib/gcc/x86_64-linux-gnu/4.8/../../../x86_64-linux-gnu] ==> [/usr/lib/x86_64-linux-gnu]
  collapse library dir [/usr/lib/gcc/x86_64-linux-gnu/4.8/../../../../lib] ==> [/usr/lib]
  collapse library dir [/lib/x86_64-linux-gnu] ==> [/lib/x86_64-linux-gnu]
  collapse library dir [/lib/../lib] ==> [/lib]
  collapse library dir [/usr/lib/x86_64-linux-gnu] ==> [/usr/lib/x86_64-linux-gnu]
  collapse library dir [/usr/lib/../lib] ==> [/usr/lib]
  collapse library dir [/usr/lib/gcc/x86_64-linux-gnu/4.8/../../..] ==> [/usr/lib]
  implicit libs: [c]
  implicit dirs: [/usr/lib/gcc/x86_64-linux-gnu/4.8;/usr/lib/x86_64-linux-gnu;/usr/lib;/lib/x86_64-linux-gnu;/lib]
  implicit fwks: []


Determining if the function pcap_breakloop exists passed with the following output:
Change Dir: /home/usuario/sdr/gnss-sdr/gnss-sdr/drivers/gr-dbfcttc/build/CMakeFiles/CMakeTmp

Run Build Command:/usr/bin/make "cmTryCompileExec2778065472/fast"
/usr/bin/make -f CMakeFiles/cmTryCompileExec2778065472.dir/build.make CMakeFiles/cmTryCompileExec2778065472.dir/build
make[1]: Entering directory `/home/usuario/sdr/gnss-sdr/gnss-sdr/drivers/gr-dbfcttc/build/CMakeFiles/CMakeTmp'
/usr/bin/cmake -E cmake_progress_report /home/usuario/sdr/gnss-sdr/gnss-sdr/drivers/gr-dbfcttc/build/CMakeFiles/CMakeTmp/CMakeFiles 1
Building C object CMakeFiles/cmTryCompileExec2778065472.dir/CheckFunctionExists.c.o
/usr/bin/cc   -DCHECK_FUNCTION_EXISTS=pcap_breakloop   -o CMakeFiles/cmTryCompileExec2778065472.dir/CheckFunctionExists.c.o   -c /usr/share/cmake-2.8/Modules/CheckFunctionExists.c
Linking C executable cmTryCompileExec2778065472
/usr/bin/cmake -E cmake_link_script CMakeFiles/cmTryCompileExec2778065472.dir/link.txt --verbose=1
/usr/bin/cc     -DCHECK_FUNCTION_EXISTS=pcap_breakloop    CMakeFiles/cmTryCompileExec2778065472.dir/CheckFunctionExists.c.o  -o cmTryCompileExec2778065472 -rdynamic -lpcap 
make[1]: Leaving directory `/home/usuario/sdr/gnss-sdr/gnss-sdr/drivers/gr-dbfcttc/build/CMakeFiles/CMakeTmp'


Determining if the function pcap_datalink_name_to_val exists passed with the following output:
Change Dir: /home/usuario/sdr/gnss-sdr/gnss-sdr/drivers/gr-dbfcttc/build/CMakeFiles/CMakeTmp

Run Build Command:/usr/bin/make "cmTryCompileExec1087045019/fast"
/usr/bin/make -f CMakeFiles/cmTryCompileExec1087045019.dir/build.make CMakeFiles/cmTryCompileExec1087045019.dir/build
make[1]: Entering directory `/home/usuario/sdr/gnss-sdr/gnss-sdr/drivers/gr-dbfcttc/build/CMakeFiles/CMakeTmp'
/usr/bin/cmake -E cmake_progress_report /home/usuario/sdr/gnss-sdr/gnss-sdr/drivers/gr-dbfcttc/build/CMakeFiles/CMakeTmp/CMakeFiles 1
Building C object CMakeFiles/cmTryCompileExec1087045019.dir/CheckFunctionExists.c.o
/usr/bin/cc   -DCHECK_FUNCTION_EXISTS=pcap_datalink_name_to_val   -o CMakeFiles/cmTryCompileExec1087045019.dir/CheckFunctionExists.c.o   -c /usr/share/cmake-2.8/Modules/CheckFunctionExists.c
Linking C executable cmTryCompileExec1087045019
/usr/bin/cmake -E cmake_link_script CMakeFiles/cmTryCompileExec1087045019.dir/link.txt --verbose=1
/usr/bin/cc     -DCHECK_FUNCTION_EXISTS=pcap_datalink_name_to_val    CMakeFiles/cmTryCompileExec1087045019.dir/CheckFunctionExists.c.o  -o cmTryCompileExec1087045019 -rdynamic -lpcap 
make[1]: Leaving directory `/home/usuario/sdr/gnss-sdr/gnss-sdr/drivers/gr-dbfcttc/build/CMakeFiles/CMakeTmp'


Determining if the function pcap_datalink_val_to_name exists passed with the following output:
Change Dir: /home/usuario/sdr/gnss-sdr/gnss-sdr/drivers/gr-dbfcttc/build/CMakeFiles/CMakeTmp

Run Build Command:/usr/bin/make "cmTryCompileExec1529325367/fast"
/usr/bin/make -f CMakeFiles/cmTryCompileExec1529325367.dir/build.make CMakeFiles/cmTryCompileExec1529325367.dir/build
make[1]: Entering directory `/home/usuario/sdr/gnss-sdr/gnss-sdr/drivers/gr-dbfcttc/build/CMakeFiles/CMakeTmp'
/usr/bin/cmake -E cmake_progress_report /home/usuario/sdr/gnss-sdr/gnss-sdr/drivers/gr-dbfcttc/build/CMakeFiles/CMakeTmp/CMakeFiles 1
Building C object CMakeFiles/cmTryCompileExec1529325367.dir/CheckFunctionExists.c.o
/usr/bin/cc   -DCHECK_FUNCTION_EXISTS=pcap_datalink_val_to_name   -o CMakeFiles/cmTryCompileExec1529325367.dir/CheckFunctionExists.c.o   -c /usr/share/cmake-2.8/Modules/CheckFunctionExists.c
Linking C executable cmTryCompileExec1529325367
/usr/bin/cmake -E cmake_link_script CMakeFiles/cmTryCompileExec1529325367.dir/link.txt --verbose=1
/usr/bin/cc     -DCHECK_FUNCTION_EXISTS=pcap_datalink_val_to_name    CMakeFiles/cmTryCompileExec1529325367.dir/CheckFunctionExists.c.o  -o cmTryCompileExec1529325367 -rdynamic -lpcap 
make[1]: Leaving directory `/home/usuario/sdr/gnss-sdr/gnss-sdr/drivers/gr-dbfcttc/build/CMakeFiles/CMakeTmp'


Determining if the function pcap_findalldevs exists passed with the following output:
Change Dir: /home/usuario/sdr/gnss-sdr/gnss-sdr/drivers/gr-dbfcttc/build/CMakeFiles/CMakeTmp

Run Build Command:/usr/bin/make "cmTryCompileExec659712316/fast"
/usr/bin/make -f CMakeFiles/cmTryCompileExec659712316.dir/build.make CMakeFiles/cmTryCompileExec659712316.dir/build
make[1]: Entering directory `/home/usuario/sdr/gnss-sdr/gnss-sdr/drivers/gr-dbfcttc/build/CMakeFiles/CMakeTmp'
/usr/bin/cmake -E cmake_progress_report /home/usuario/sdr/gnss-sdr/gnss-sdr/drivers/gr-dbfcttc/build/CMakeFiles/CMakeTmp/CMakeFiles 1
Building C object CMakeFiles/cmTryCompileExec659712316.dir/CheckFunctionExists.c.o
/usr/bin/cc   -DCHECK_FUNCTION_EXISTS=pcap_findalldevs   -o CMakeFiles/cmTryCompileExec659712316.dir/CheckFunctionExists.c.o   -c /usr/share/cmake-2.8/Modules/CheckFunctionExists.c
Linking C executable cmTryCompileExec659712316
/usr/bin/cmake -E cmake_link_script CMakeFiles/cmTryCompileExec659712316.dir/link.txt --verbose=1
/usr/bin/cc     -DCHECK_FUNCTION_EXISTS=pcap_findalldevs    CMakeFiles/cmTryCompileExec659712316.dir/CheckFunctionExists.c.o  -o cmTryCompileExec659712316 -rdynamic -lpcap 
make[1]: Leaving directory `/home/usuario/sdr/gnss-sdr/gnss-sdr/drivers/gr-dbfcttc/build/CMakeFiles/CMakeTmp'


Determining if the function pcap_freecode exists passed with the following output:
Change Dir: /home/usuario/sdr/gnss-sdr/gnss-sdr/drivers/gr-dbfcttc/build/CMakeFiles/CMakeTmp

Run Build Command:/usr/bin/make "cmTryCompileExec325100370/fast"
/usr/bin/make -f CMakeFiles/cmTryCompileExec325100370.dir/build.make CMakeFiles/cmTryCompileExec325100370.dir/build
make[1]: Entering directory `/home/usuario/sdr/gnss-sdr/gnss-sdr/drivers/gr-dbfcttc/build/CMakeFiles/CMakeTmp'
/usr/bin/cmake -E cmake_progress_report /home/usuario/sdr/gnss-sdr/gnss-sdr/drivers/gr-dbfcttc/build/CMakeFiles/CMakeTmp/CMakeFiles 1
Building C object CMakeFiles/cmTryCompileExec325100370.dir/CheckFunctionExists.c.o
/usr/bin/cc   -DCHECK_FUNCTION_EXISTS=pcap_freecode   -o CMakeFiles/cmTryCompileExec325100370.dir/CheckFunctionExists.c.o   -c /usr/share/cmake-2.8/Modules/CheckFunctionExists.c
Linking C executable cmTryCompileExec325100370
/usr/bin/cmake -E cmake_link_script CMakeFiles/cmTryCompileExec325100370.dir/link.txt --verbose=1
/usr/bin/cc     -DCHECK_FUNCTION_EXISTS=pcap_freecode    CMakeFiles/cmTryCompileExec325100370.dir/CheckFunctionExists.c.o  -o cmTryCompileExec325100370 -rdynamic -lpcap 
make[1]: Leaving directory `/home/usuario/sdr/gnss-sdr/gnss-sdr/drivers/gr-dbfcttc/build/CMakeFiles/CMakeTmp'


Determining if the function pcap_get_selectable_fd exists passed with the following output:
Change Dir: /home/usuario/sdr/gnss-sdr/gnss-sdr/drivers/gr-dbfcttc/build/CMakeFiles/CMakeTmp

Run Build Command:/usr/bin/make "cmTryCompileExec2819233039/fast"
/usr/bin/make -f CMakeFiles/cmTryCompileExec2819233039.dir/build.make CMakeFiles/cmTryCompileExec2819233039.dir/build
make[1]: Entering directory `/home/usuario/sdr/gnss-sdr/gnss-sdr/drivers/gr-dbfcttc/build/CMakeFiles/CMakeTmp'
/usr/bin/cmake -E cmake_progress_report /home/usuario/sdr/gnss-sdr/gnss-sdr/drivers/gr-dbfcttc/build/CMakeFiles/CMakeTmp/CMakeFiles 1
Building C object CMakeFiles/cmTryCompileExec2819233039.dir/CheckFunctionExists.c.o
/usr/bin/cc   -DCHECK_FUNCTION_EXISTS=pcap_get_selectable_fd   -o CMakeFiles/cmTryCompileExec2819233039.dir/CheckFunctionExists.c.o   -c /usr/share/cmake-2.8/Modules/CheckFunctionExists.c
Linking C executable cmTryCompileExec2819233039
/usr/bin/cmake -E cmake_link_script CMakeFiles/cmTryCompileExec2819233039.dir/link.txt --verbose=1
/usr/bin/cc     -DCHECK_FUNCTION_EXISTS=pcap_get_selectable_fd    CMakeFiles/cmTryCompileExec2819233039.dir/CheckFunctionExists.c.o  -o cmTryCompileExec2819233039 -rdynamic -lpcap 
make[1]: Leaving directory `/home/usuario/sdr/gnss-sdr/gnss-sdr/drivers/gr-dbfcttc/build/CMakeFiles/CMakeTmp'


Determining if the function pcap_lib_version exists passed with the following output:
Change Dir: /home/usuario/sdr/gnss-sdr/gnss-sdr/drivers/gr-dbfcttc/build/CMakeFiles/CMakeTmp

Run Build Command:/usr/bin/make "cmTryCompileExec2850973384/fast"
/usr/bin/make -f CMakeFiles/cmTryCompileExec2850973384.dir/build.make CMakeFiles/cmTryCompileExec2850973384.dir/build
make[1]: Entering directory `/home/usuario/sdr/gnss-sdr/gnss-sdr/drivers/gr-dbfcttc/build/CMakeFiles/CMakeTmp'
/usr/bin/cmake -E cmake_progress_report /home/usuario/sdr/gnss-sdr/gnss-sdr/drivers/gr-dbfcttc/build/CMakeFiles/CMakeTmp/CMakeFiles 1
Building C object CMakeFiles/cmTryCompileExec2850973384.dir/CheckFunctionExists.c.o
/usr/bin/cc   -DCHECK_FUNCTION_EXISTS=pcap_lib_version   -o CMakeFiles/cmTryCompileExec2850973384.dir/CheckFunctionExists.c.o   -c /usr/share/cmake-2.8/Modules/CheckFunctionExists.c
Linking C executable cmTryCompileExec2850973384
/usr/bin/cmake -E cmake_link_script CMakeFiles/cmTryCompileExec2850973384.dir/link.txt --verbose=1
/usr/bin/cc     -DCHECK_FUNCTION_EXISTS=pcap_lib_version    CMakeFiles/cmTryCompileExec2850973384.dir/CheckFunctionExists.c.o  -o cmTryCompileExec2850973384 -rdynamic -lpcap 
make[1]: Leaving directory `/home/usuario/sdr/gnss-sdr/gnss-sdr/drivers/gr-dbfcttc/build/CMakeFiles/CMakeTmp'


Determining if the function pcap_list_datalinks exists passed with the following output:
Change Dir: /home/usuario/sdr/gnss-sdr/gnss-sdr/drivers/gr-dbfcttc/build/CMakeFiles/CMakeTmp

Run Build Command:/usr/bin/make "cmTryCompileExec2901305734/fast"
/usr/bin/make -f CMakeFiles/cmTryCompileExec2901305734.dir/build.make CMakeFiles/cmTryCompileExec2901305734.dir/build
make[1]: Entering directory `/home/usuario/sdr/gnss-sdr/gnss-sdr/drivers/gr-dbfcttc/build/CMakeFiles/CMakeTmp'
/usr/bin/cmake -E cmake_progress_report /home/usuario/sdr/gnss-sdr/gnss-sdr/drivers/gr-dbfcttc/build/CMakeFiles/CMakeTmp/CMakeFiles 1
Building C object CMakeFiles/cmTryCompileExec2901305734.dir/CheckFunctionExists.c.o
/usr/bin/cc   -DCHECK_FUNCTION_EXISTS=pcap_list_datalinks   -o CMakeFiles/cmTryCompileExec2901305734.dir/CheckFunctionExists.c.o   -c /usr/share/cmake-2.8/Modules/CheckFunctionExists.c
Linking C executable cmTryCompileExec2901305734
/usr/bin/cmake -E cmake_link_script CMakeFiles/cmTryCompileExec2901305734.dir/link.txt --verbose=1
/usr/bin/cc     -DCHECK_FUNCTION_EXISTS=pcap_list_datalinks    CMakeFiles/cmTryCompileExec2901305734.dir/CheckFunctionExists.c.o  -o cmTryCompileExec2901305734 -rdynamic -lpcap 
make[1]: Leaving directory `/home/usuario/sdr/gnss-sdr/gnss-sdr/drivers/gr-dbfcttc/build/CMakeFiles/CMakeTmp'


Determining if the function pcap_open_dead exists passed with the following output:
Change Dir: /home/usuario/sdr/gnss-sdr/gnss-sdr/drivers/gr-dbfcttc/build/CMakeFiles/CMakeTmp

Run Build Command:/usr/bin/make "cmTryCompileExec3859293349/fast"
/usr/bin/make -f CMakeFiles/cmTryCompileExec3859293349.dir/build.make CMakeFiles/cmTryCompileExec3859293349.dir/build
make[1]: Entering directory `/home/usuario/sdr/gnss-sdr/gnss-sdr/drivers/gr-dbfcttc/build/CMakeFiles/CMakeTmp'
/usr/bin/cmake -E cmake_progress_report /home/usuario/sdr/gnss-sdr/gnss-sdr/drivers/gr-dbfcttc/build/CMakeFiles/CMakeTmp/CMakeFiles 1
Building C object CMakeFiles/cmTryCompileExec3859293349.dir/CheckFunctionExists.c.o
/usr/bin/cc   -DCHECK_FUNCTION_EXISTS=pcap_open_dead   -o CMakeFiles/cmTryCompileExec3859293349.dir/CheckFunctionExists.c.o   -c /usr/share/cmake-2.8/Modules/CheckFunctionExists.c
Linking C executable cmTryCompileExec3859293349
/usr/bin/cmake -E cmake_link_script CMakeFiles/cmTryCompileExec3859293349.dir/link.txt --verbose=1
/usr/bin/cc     -DCHECK_FUNCTION_EXISTS=pcap_open_dead    CMakeFiles/cmTryCompileExec3859293349.dir/CheckFunctionExists.c.o  -o cmTryCompileExec3859293349 -rdynamic -lpcap 
make[1]: Leaving directory `/home/usuario/sdr/gnss-sdr/gnss-sdr/drivers/gr-dbfcttc/build/CMakeFiles/CMakeTmp'


Determining if the function pcap_set_datalink exists passed with the following output:
Change Dir: /home/usuario/sdr/gnss-sdr/gnss-sdr/drivers/gr-dbfcttc/build/CMakeFiles/CMakeTmp

Run Build Command:/usr/bin/make "cmTryCompileExec2370302684/fast"
/usr/bin/make -f CMakeFiles/cmTryCompileExec2370302684.dir/build.make CMakeFiles/cmTryCompileExec2370302684.dir/build
make[1]: Entering directory `/home/usuario/sdr/gnss-sdr/gnss-sdr/drivers/gr-dbfcttc/build/CMakeFiles/CMakeTmp'
/usr/bin/cmake -E cmake_progress_report /home/usuario/sdr/gnss-sdr/gnss-sdr/drivers/gr-dbfcttc/build/CMakeFiles/CMakeTmp/CMakeFiles 1
Building C object CMakeFiles/cmTryCompileExec2370302684.dir/CheckFunctionExists.c.o
/usr/bin/cc   -DCHECK_FUNCTION_EXISTS=pcap_set_datalink   -o CMakeFiles/cmTryCompileExec2370302684.dir/CheckFunctionExists.c.o   -c /usr/share/cmake-2.8/Modules/CheckFunctionExists.c
Linking C executable cmTryCompileExec2370302684
/usr/bin/cmake -E cmake_link_script CMakeFiles/cmTryCompileExec2370302684.dir/link.txt --verbose=1
/usr/bin/cc     -DCHECK_FUNCTION_EXISTS=pcap_set_datalink    CMakeFiles/cmTryCompileExec2370302684.dir/CheckFunctionExists.c.o  -o cmTryCompileExec2370302684 -rdynamic -lpcap 
make[1]: Leaving directory `/home/usuario/sdr/gnss-sdr/gnss-sdr/drivers/gr-dbfcttc/build/CMakeFiles/CMakeTmp'


Determining if the include file sys/types.h exists passed with the following output:
Change Dir: /home/usuario/sdr/gnss-sdr/gnss-sdr/drivers/gr-dbfcttc/build/CMakeFiles/CMakeTmp

Run Build Command:/usr/bin/make "cmTryCompileExec1249471186/fast"
/usr/bin/make -f CMakeFiles/cmTryCompileExec1249471186.dir/build.make CMakeFiles/cmTryCompileExec1249471186.dir/build
make[1]: Entering directory `/home/usuario/sdr/gnss-sdr/gnss-sdr/drivers/gr-dbfcttc/build/CMakeFiles/CMakeTmp'
/usr/bin/cmake -E cmake_progress_report /home/usuario/sdr/gnss-sdr/gnss-sdr/drivers/gr-dbfcttc/build/CMakeFiles/CMakeTmp/CMakeFiles 1
Building C object CMakeFiles/cmTryCompileExec1249471186.dir/CheckIncludeFile.c.o
/usr/bin/cc    -o CMakeFiles/cmTryCompileExec1249471186.dir/CheckIncludeFile.c.o   -c /home/usuario/sdr/gnss-sdr/gnss-sdr/drivers/gr-dbfcttc/build/CMakeFiles/CMakeTmp/CheckIncludeFile.c
Linking C executable cmTryCompileExec1249471186
/usr/bin/cmake -E cmake_link_script CMakeFiles/cmTryCompileExec1249471186.dir/link.txt --verbose=1
/usr/bin/cc         CMakeFiles/cmTryCompileExec1249471186.dir/CheckIncludeFile.c.o  -o cmTryCompileExec1249471186 -rdynamic 
make[1]: Leaving directory `/home/usuario/sdr/gnss-sdr/gnss-sdr/drivers/gr-dbfcttc/build/CMakeFiles/CMakeTmp'


Determining if the include file stdint.h exists passed with the following output:
Change Dir: /home/usuario/sdr/gnss-sdr/gnss-sdr/drivers/gr-dbfcttc/build/CMakeFiles/CMakeTmp

Run Build Command:/usr/bin/make "cmTryCompileExec2301445197/fast"
/usr/bin/make -f CMakeFiles/cmTryCompileExec2301445197.dir/build.make CMakeFiles/cmTryCompileExec2301445197.dir/build
make[1]: Entering directory `/home/usuario/sdr/gnss-sdr/gnss-sdr/drivers/gr-dbfcttc/build/CMakeFiles/CMakeTmp'
/usr/bin/cmake -E cmake_progress_report /home/usuario/sdr/gnss-sdr/gnss-sdr/drivers/gr-dbfcttc/build/CMakeFiles/CMakeTmp/CMakeFiles 1
Building C object CMakeFiles/cmTryCompileExec2301445197.dir/CheckIncludeFile.c.o
/usr/bin/cc    -o CMakeFiles/cmTryCompileExec2301445197.dir/CheckIncludeFile.c.o   -c /home/usuario/sdr/gnss-sdr/gnss-sdr/drivers/gr-dbfcttc/build/CMakeFiles/CMakeTmp/CheckIncludeFile.c
Linking C executable cmTryCompileExec2301445197
/usr/bin/cmake -E cmake_link_script CMakeFiles/cmTryCompileExec2301445197.dir/link.txt --verbose=1
/usr/bin/cc         CMakeFiles/cmTryCompileExec2301445197.dir/CheckIncludeFile.c.o  -o cmTryCompileExec2301445197 -rdynamic 
make[1]: Leaving directory `/home/usuario/sdr/gnss-sdr/gnss-sdr/drivers/gr-dbfcttc/build/CMakeFiles/CMakeTmp'


Determining if the include file stddef.h exists passed with the following output:
Change Dir: /home/usuario/sdr/gnss-sdr/gnss-sdr/drivers/gr-dbfcttc/build/CMakeFiles/CMakeTmp

Run Build Command:/usr/bin/make "cmTryCompileExec1986541398/fast"
/usr/bin/make -f CMakeFiles/cmTryCompileExec1986541398.dir/build.make CMakeFiles/cmTryCompileExec1986541398.dir/build
make[1]: Entering directory `/home/usuario/sdr/gnss-sdr/gnss-sdr/drivers/gr-dbfcttc/build/CMakeFiles/CMakeTmp'
/usr/bin/cmake -E cmake_progress_report /home/usuario/sdr/gnss-sdr/gnss-sdr/drivers/gr-dbfcttc/build/CMakeFiles/CMakeTmp/CMakeFiles 1
Building C object CMakeFiles/cmTryCompileExec1986541398.dir/CheckIncludeFile.c.o
/usr/bin/cc    -o CMakeFiles/cmTryCompileExec1986541398.dir/CheckIncludeFile.c.o   -c /home/usuario/sdr/gnss-sdr/gnss-sdr/drivers/gr-dbfcttc/build/CMakeFiles/CMakeTmp/CheckIncludeFile.c
Linking C executable cmTryCompileExec1986541398
/usr/bin/cmake -E cmake_link_script CMakeFiles/cmTryCompileExec1986541398.dir/link.txt --verbose=1
/usr/bin/cc         CMakeFiles/cmTryCompileExec1986541398.dir/CheckIncludeFile.c.o  -o cmTryCompileExec1986541398 -rdynamic 
make[1]: Leaving directory `/home/usuario/sdr/gnss-sdr/gnss-sdr/drivers/gr-dbfcttc/build/CMakeFiles/CMakeTmp'


Determining size of size_t passed with the following output:
Change Dir: /home/usuario/sdr/gnss-sdr/gnss-sdr/drivers/gr-dbfcttc/build/CMakeFiles/CMakeTmp

Run Build Command:/usr/bin/make "cmTryCompileExec948036940/fast"
/usr/bin/make -f CMakeFiles/cmTryCompileExec948036940.dir/build.make CMakeFiles/cmTryCompileExec948036940.dir/build
make[1]: Entering directory `/home/usuario/sdr/gnss-sdr/gnss-sdr/drivers/gr-dbfcttc/build/CMakeFiles/CMakeTmp'
/usr/bin/cmake -E cmake_progress_report /home/usuario/sdr/gnss-sdr/gnss-sdr/drivers/gr-dbfcttc/build/CMakeFiles/CMakeTmp/CMakeFiles 1
Building C object CMakeFiles/cmTryCompileExec948036940.dir/SIZEOF_SIZE_T.c.o
/usr/bin/cc    -o CMakeFiles/cmTryCompileExec948036940.dir/SIZEOF_SIZE_T.c.o   -c /home/usuario/sdr/gnss-sdr/gnss-sdr/drivers/gr-dbfcttc/build/CMakeFiles/CheckTypeSize/SIZEOF_SIZE_T.c
Linking C executable cmTryCompileExec948036940
/usr/bin/cmake -E cmake_link_script CMakeFiles/cmTryCompileExec948036940.dir/link.txt --verbose=1
/usr/bin/cc         CMakeFiles/cmTryCompileExec948036940.dir/SIZEOF_SIZE_T.c.o  -o cmTryCompileExec948036940 -rdynamic -lpcap 
make[1]: Leaving directory `/home/usuario/sdr/gnss-sdr/gnss-sdr/drivers/gr-dbfcttc/build/CMakeFiles/CMakeTmp'


Determining size of unsigned int passed with the following output:
Change Dir: /home/usuario/sdr/gnss-sdr/gnss-sdr/drivers/gr-dbfcttc/build/CMakeFiles/CMakeTmp

Run Build Command:/usr/bin/make "cmTryCompileExec191187864/fast"
/usr/bin/make -f CMakeFiles/cmTryCompileExec191187864.dir/build.make CMakeFiles/cmTryCompileExec191187864.dir/build
make[1]: Entering directory `/home/usuario/sdr/gnss-sdr/gnss-sdr/drivers/gr-dbfcttc/build/CMakeFiles/CMakeTmp'
/usr/bin/cmake -E cmake_progress_report /home/usuario/sdr/gnss-sdr/gnss-sdr/drivers/gr-dbfcttc/build/CMakeFiles/CMakeTmp/CMakeFiles 1
Building C object CMakeFiles/cmTryCompileExec191187864.dir/SIZEOF_UINT.c.o
/usr/bin/cc    -o CMakeFiles/cmTryCompileExec191187864.dir/SIZEOF_UINT.c.o   -c /home/usuario/sdr/gnss-sdr/gnss-sdr/drivers/gr-dbfcttc/build/CMakeFiles/CheckTypeSize/SIZEOF_UINT.c
Linking C executable cmTryCompileExec191187864
/usr/bin/cmake -E cmake_link_script CMakeFiles/cmTryCompileExec191187864.dir/link.txt --verbose=1
/usr/bin/cc         CMakeFiles/cmTryCompileExec191187864.dir/SIZEOF_UINT.c.o  -o cmTryCompileExec191187864 -rdynamic -lpcap 
make[1]: Leaving directory `/home/usuario/sdr/gnss-sdr/gnss-sdr/drivers/gr-dbfcttc/build/CMakeFiles/CMakeTmp'


